mediapipe/examples/android/solutions/hands/build/intermediates/manifest_merge_blame_file/debug/manifest-merger-blame-debug-report.txt
1<?xml version="1.0" encoding="utf-8"?>
2<manifest xmlns:android="http://schemas.android.com/apk/res/android"
3    package="com.google.mediapipe.apps.hands"
4    android:versionCode="2"
5    android:versionName="2.0" >
6
7    <uses-sdk
7-->src/main/AndroidManifest.xml:5:3-7:39
8        android:minSdkVersion="21"
8-->src/main/AndroidManifest.xml:6:7-33
9        android:targetSdkVersion="31" />
9-->src/main/AndroidManifest.xml:7:7-36
10
11    <!-- For loading images from gallery -->
12    <uses-permission android:name="android.permission.READ_EXTERNAL_STORAGE" />
12-->src/main/AndroidManifest.xml:10:3-78
12-->src/main/AndroidManifest.xml:10:20-75
13    <!-- For using the camera -->
14    <uses-permission android:name="android.permission.CAMERA" />
14-->src/main/AndroidManifest.xml:12:3-63
14-->src/main/AndroidManifest.xml:12:20-60
15
16    <uses-feature android:name="android.hardware.camera" />
16-->src/main/AndroidManifest.xml:13:3-58
16-->src/main/AndroidManifest.xml:13:17-55
17    <!-- For logging solution events -->
18    <uses-permission android:name="android.permission.INTERNET" />
18-->src/main/AndroidManifest.xml:15:3-65
18-->src/main/AndroidManifest.xml:15:20-62
19    <uses-permission android:name="android.permission.ACCESS_NETWORK_STATE" />
19-->src/main/AndroidManifest.xml:16:3-77
19-->src/main/AndroidManifest.xml:16:20-74
20
21    <permission
21-->[androidx.core:core:1.9.0] AndroidManifest.xml:22:5-24:47
22        android:name="com.google.mediapipe.apps.hands.DYNAMIC_RECEIVER_NOT_EXPORTED_PERMISSION"
22-->[androidx.core:core:1.9.0] AndroidManifest.xml:23:9-81
23        android:protectionLevel="signature" />
23-->[androidx.core:core:1.9.0] AndroidManifest.xml:24:9-44
24
25    <uses-permission android:name="com.google.mediapipe.apps.hands.DYNAMIC_RECEIVER_NOT_EXPORTED_PERMISSION" />
25-->[androidx.core:core:1.9.0] AndroidManifest.xml:26:5-97
25-->[androidx.core:core:1.9.0] AndroidManifest.xml:26:22-94
26
27    <application
27-->src/main/AndroidManifest.xml:18:3-35:17
28        android:allowBackup="true"
28-->src/main/AndroidManifest.xml:19:7-33
29        android:appComponentFactory="androidx.core.app.CoreComponentFactory"
29-->[androidx.core:core:1.9.0] AndroidManifest.xml:28:18-86
30        android:debuggable="true"
31        android:icon="@mipmap/ic_launcher"
31-->src/main/AndroidManifest.xml:20:7-41
32        android:label="Kamaz_test"
32-->src/main/AndroidManifest.xml:21:7-33
33        android:roundIcon="@mipmap/ic_launcher_round"
33-->src/main/AndroidManifest.xml:22:7-52
34        android:supportsRtl="true"
34-->src/main/AndroidManifest.xml:23:7-33
35        android:theme="@style/AppTheme" >
35-->src/main/AndroidManifest.xml:24:7-38
36        <activity
36-->src/main/AndroidManifest.xml:25:5-34:16
37            android:name="com.google.mediapipe.examples.hands.MainActivity"
37-->src/main/AndroidManifest.xml:25:15-43
38            android:exported="true"
38-->src/main/AndroidManifest.xml:27:15-38
39            android:screenOrientation="portrait" >
39-->src/main/AndroidManifest.xml:26:15-51
40            <intent-filter>
40-->src/main/AndroidManifest.xml:29:7-33:23
41                <action android:name="android.intent.action.MAIN" />
41-->src/main/AndroidManifest.xml:30:9-61
41-->src/main/AndroidManifest.xml:30:17-58
42
43                <category android:name="android.intent.category.LAUNCHER" />
43-->src/main/AndroidManifest.xml:32:9-69
43-->src/main/AndroidManifest.xml:32:19-66
44            </intent-filter>
45        </activity>
46
47        <service
47-->[com.google.android.datatransport:transport-backend-cct:3.1.0] AndroidManifest.xml:29:9-35:19
48            android:name="com.google.android.datatransport.runtime.backends.TransportBackendDiscovery"
48-->[com.google.android.datatransport:transport-backend-cct:3.1.0] AndroidManifest.xml:30:13-103
49            android:exported="false" >
49-->[com.google.android.datatransport:transport-backend-cct:3.1.0] AndroidManifest.xml:31:13-37
50            <meta-data
50-->[com.google.android.datatransport:transport-backend-cct:3.1.0] AndroidManifest.xml:32:13-34:39
51                android:name="backend:com.google.android.datatransport.cct.CctBackendFactory"
51-->[com.google.android.datatransport:transport-backend-cct:3.1.0] AndroidManifest.xml:33:17-94
52                android:value="cct" />
52-->[com.google.android.datatransport:transport-backend-cct:3.1.0] AndroidManifest.xml:34:17-36
53        </service>
54        <service
54-->[com.google.android.datatransport:transport-runtime:3.1.0] AndroidManifest.xml:26:9-30:19
55            android:name="com.google.android.datatransport.runtime.scheduling.jobscheduling.JobInfoSchedulerService"
55-->[com.google.android.datatransport:transport-runtime:3.1.0] AndroidManifest.xml:27:13-117
56            android:exported="false"
56-->[com.google.android.datatransport:transport-runtime:3.1.0] AndroidManifest.xml:28:13-37
57            android:permission="android.permission.BIND_JOB_SERVICE" >
57-->[com.google.android.datatransport:transport-runtime:3.1.0] AndroidManifest.xml:29:13-69
58        </service>
59
60        <receiver
60-->[com.google.android.datatransport:transport-runtime:3.1.0] AndroidManifest.xml:32:9-34:40
61            android:name="com.google.android.datatransport.runtime.scheduling.jobscheduling.AlarmManagerSchedulerBroadcastReceiver"
61-->[com.google.android.datatransport:transport-runtime:3.1.0] AndroidManifest.xml:33:13-132
62            android:exported="false" />
62-->[com.google.android.datatransport:transport-runtime:3.1.0] AndroidManifest.xml:34:13-37
63    </application>
64
65</manifest>